{"level":"info","message":"Logged in as TKDKid1000's Assistant#1756","service":"user-service"}
2021-10-06 01:07:56.943 - [32minfo[39m: Logged in as TKDKid1000's Assistant#1756
2021-10-06 01:08:36.173 - [32minfo[39m: 574009401044893697 executed command ping
2021-10-06 19:53:42.237 - [32minfo[39m: Logged in as TKDKid1000's Assistant#1756
2021-10-06 19:54:47.636 - [32minfo[39m: Logged in as TKDKid1000's Assistant#1756
2021-10-06 23:25:12.166 - [32minfo[39m: Logged in as TKDKid1000's Assistant#1756
2021-10-06 23:25:12.592 - [32minfo[39m: <@820740899465986138>'s message containing  deleted
2021-10-06 23:25:29.558 - [32minfo[39m: <@574009401044893697> edited test to test edit
2021-10-06 23:27:24.266 - [32minfo[39m: Logged in as TKDKid1000's Assistant#1756
2021-10-06 23:27:24.764 - [32minfo[39m: <@820740899465986138>'s message containing  deleted
2021-10-06 23:28:24.685 - [32minfo[39m: Logged in as TKDKid1000's Assistant#1756
2021-10-06 23:28:25.174 - [32minfo[39m: <@820740899465986138>'s message containing  deleted
2021-10-06 23:29:36.110 - [32minfo[39m: Logged in as TKDKid1000's Assistant#1756
2021-10-06 23:29:36.889 - [32minfo[39m: <@820740899465986138>'s message containing  deleted
2021-10-06 23:29:39.933 - [32minfo[39m: <@820740899465986138>'s message containing  deleted
2021-10-23 09:29:20.259 - [32minfo[39m: Logged in as TKDKid1000's Assistant#1756
2021-10-23 09:29:20.687 - [32minfo[39m: <@820740899465986138>'s message containing  deleted
2021-10-23 09:29:20.861 - [32minfo[39m: <@820740899465986138>'s message containing  deleted
2021-10-23 09:29:20.994 - [32minfo[39m: <@820740899465986138>'s message containing  deleted
2021-10-23 09:29:32.512 - [32minfo[39m: <@574009401044893697>'s message containing ass deleted
2021-10-23 09:29:36.516 - [32minfo[39m: <@574009401044893697>'s message containing bitch deleted
2021-10-23 09:29:39.065 - [32minfo[39m: <@574009401044893697>'s message containing password deleted
2021-10-23 09:33:19.351 - [32minfo[39m: Logged in as TKDKid1000's Assistant#1756
2021-10-23 09:34:57.375 - [32minfo[39m: Logged in as TKDKid1000's Assistant#1756
2021-10-23 09:35:05.441 - [32minfo[39m: <@574009401044893697>'s message containing rules deleted
2021-10-23 09:35:13.616 - [32minfo[39m: <@574009401044893697>'s message containing ass deleted
2021-10-23 09:35:18.544 - [32minfo[39m: <@574009401044893697>'s message containing password deleted
